<?xml version="1.0" encoding="UTF-8"?>
<!-- Generated by org.testng.reporters.JUnitXMLReporter -->
<testsuite hostname="DESKTOP-KFK5AMQ" name="Default test" tests="4" failures="0" timestamp="4 Oct 2022 13:55:13 GMT" time="35.44" errors="0">
  <testcase name="TC_01_Register" time="4.618" classname="Practice.Topic06_Textbox_TextArea_Part_I"/>
  <testcase name="TC_02_Login" time="3.768" classname="Practice.Topic06_Textbox_TextArea_Part_I"/>
  <testcase name="TC_03_New_Customer" time="10.954" classname="Practice.Topic06_Textbox_TextArea_Part_I"/>
  <testcase name="TC_04_Edit_Customer" time="8.53" classname="Practice.Topic06_Textbox_TextArea_Part_I"/>
</testsuite> <!-- Default test -->
