<?xml version="1.0" encoding="UTF-8"?>
<testng-results skipped="0" failed="0" total="1" passed="1">
  <reporter-output>
  </reporter-output>
  <suite name="Default suite" duration-ms="13956" started-at="2022-09-30T13:23:54Z" finished-at="2022-09-30T13:24:08Z">
    <groups>
    </groups>
    <test name="Default test" duration-ms="13956" started-at="2022-09-30T13:23:54Z" finished-at="2022-09-30T13:24:08Z">
      <class name="Practice.Topic05_Browser_Element_Part_II_Optimized">
        <test-method status="PASS" signature="beforeTest()[pri:0, instance:Practice.Topic05_Browser_Element_Part_II_Optimized@6d00a15d]" name="beforeTest" is-config="true" duration-ms="3664" started-at="2022-09-30T20:23:54Z" finished-at="2022-09-30T20:23:58Z">
          <reporter-output>
          </reporter-output>
        </test-method> <!-- beforeTest -->
        <test-method status="PASS" signature="TC01_isSelected()[pri:0, instance:Practice.Topic05_Browser_Element_Part_II_Optimized@6d00a15d]" name="TC01_isSelected" duration-ms="9876" started-at="2022-09-30T20:23:58Z" finished-at="2022-09-30T20:24:08Z">
          <reporter-output>
          </reporter-output>
        </test-method> <!-- TC01_isSelected -->
        <test-method status="PASS" signature="afterTest()[pri:0, instance:Practice.Topic05_Browser_Element_Part_II_Optimized@6d00a15d]" name="afterTest" is-config="true" duration-ms="398" started-at="2022-09-30T20:24:08Z" finished-at="2022-09-30T20:24:08Z">
          <reporter-output>
          </reporter-output>
        </test-method> <!-- afterTest -->
      </class> <!-- Practice.Topic05_Browser_Element_Part_II_Optimized -->
    </test> <!-- Default test -->
  </suite> <!-- Default suite -->
</testng-results>
